<?xml version="1.0" encoding="utf-8"?><testsuites name="pytest tests"><testsuite name="pytest" errors="0" failures="0" skipped="0" tests="5" time="2.965" timestamp="2026-09-10T02:17:36.122255+00:00" hostname="agent-env-9ee53770-60c3-486f-9ab9-698f9c98fc09"><testcase classname="tests.test_iter12_combos" name="test_legacy_flat_combo_still_applies" time="0.828" /><testcase classname="tests.test_iter12_combos" name="test_advanced_slot_combo_persists" time="0.259" /><testcase classname="tests.test_iter12_combos" name="test_or_slot_semantics" time="0.407" /><testcase classname="tests.test_iter12_combos" name="test_and_slot_semantics" time="0.519" /><testcase classname="tests.test_iter12_combos" name="test_multi_slot_create_and_patch" time="0.473" /></testsuite></testsuites>