<?xml version="1.0" encoding="utf-8"?><testsuites name="pytest tests"><testsuite name="pytest" errors="0" failures="0" skipped="0" tests="6" time="1.982" timestamp="2026-09-10T02:57:25.755695+00:00" hostname="agent-env-9ee53770-60c3-486f-9ab9-698f9c98fc09"><testcase classname="tests.test_iter14_features" name="test_scheduled_combo_out_of_window_not_applied" time="0.519" /><testcase classname="tests.test_iter14_features" name="test_auto_close_non_manager_forbidden" time="0.362" /><testcase classname="tests.test_iter14_features" name="test_auto_close_admin_closes_all_open" time="0.143" /><testcase classname="tests.test_iter14_features" name="test_merge_orders" time="0.174" /><testcase classname="tests.test_iter14_features" name="test_move_line_same_order_and_cross" time="0.245" /><testcase classname="tests.test_iter14_features" name="test_seeded_combos_present" time="0.028" /></testsuite></testsuites>