<?xml version="1.0" encoding="utf-8"?><testsuites name="pytest tests"><testsuite name="pytest" errors="0" failures="0" skipped="0" tests="4" time="2.350" timestamp="2026-09-10T01:33:35.608881+00:00" hostname="agent-env-9ee53770-60c3-486f-9ab9-698f9c98fc09"><testcase classname="tests.test_iter8_fixes" name="test_login" time="0.329" /><testcase classname="tests.test_iter8_fixes" name="test_pay_422_invalid_method_returns_readable_detail" time="0.465" /><testcase classname="tests.test_iter8_fixes" name="test_kds_returns_product_id" time="0.360" /><testcase classname="tests.test_iter8_fixes" name="test_kds_86_flow_hides_from_public_menu" time="0.718" /></testsuite></testsuites>