<?xml version="1.0" encoding="utf-8"?><testsuites name="pytest tests"><testsuite name="pytest" errors="0" failures="0" skipped="0" tests="13" time="2.654" timestamp="2026-09-10T02:35:31.691600+00:00" hostname="agent-env-9ee53770-60c3-486f-9ab9-698f9c98fc09"><testcase classname="tests.test_iter13_exclusivity" name="test_hh_line_skips_order_discount_and_combos" time="0.000" /><testcase classname="tests.test_iter13_exclusivity" name="test_combo_locks_lines_from_manual_discount" time="0.000" /><testcase classname="tests.test_iter13_exclusivity" name="test_two_overlapping_combos_only_best_wins" time="0.000" /><testcase classname="tests.test_iter13_exclusivity" name="test_no_promotion_no_lock" time="0.000" /><testcase classname="tests.test_iter13_exclusivity" name="test_cash_discount_capped_to_unlocked_subtotal" time="0.000" /><testcase classname="tests.test_iter13_orders_router" name="test_orders_list" time="0.381" /><testcase classname="tests.test_iter13_orders_router" name="test_tables_list" time="0.040" /><testcase classname="tests.test_iter13_orders_router" name="test_kegs_list" time="0.028" /><testcase classname="tests.test_iter13_orders_router" name="test_create_order_hh_line_excludes_order_discount" time="0.095" /><testcase classname="tests.test_iter13_orders_router" name="test_create_order_with_combo_lock" time="0.201" /><testcase classname="tests.test_iter13_orders_router" name="test_two_overlapping_combos_only_best" time="0.343" /><testcase classname="tests.test_iter13_orders_router" name="test_patch_order_recomputes_totals" time="0.146" /><testcase classname="tests.test_iter13_orders_router" name="test_bump_fire_pay_flow" time="0.342" /></testsuite></testsuites>