<?xml version="1.0" encoding="utf-8"?><testsuites name="pytest tests"><testsuite name="pytest" errors="0" failures="1" skipped="0" tests="8" time="2.492" timestamp="2026-09-10T02:35:10.625963+00:00" hostname="agent-env-9ee53770-60c3-486f-9ab9-698f9c98fc09"><testcase classname="tests.test_iter13_orders_router" name="test_orders_list" time="0.750" /><testcase classname="tests.test_iter13_orders_router" name="test_tables_list" time="0.045" /><testcase classname="tests.test_iter13_orders_router" name="test_kegs_list" time="0.034" /><testcase classname="tests.test_iter13_orders_router" name="test_create_order_hh_line_excludes_order_discount" time="0.103" /><testcase classname="tests.test_iter13_orders_router" name="test_create_order_with_combo_lock" time="0.219"><failure message="AssertionError: assert 'TEST_ITER13_DUO' in ['Duo Deal']">backend/tests/test_iter13_orders_router.py:131: in test_create_order_with_combo_lock
    assert "TEST_ITER13_DUO" in names
E   AssertionError: assert 'TEST_ITER13_DUO' in ['Duo Deal']</failure></testcase><testcase classname="tests.test_iter13_orders_router" name="test_two_overlapping_combos_only_best" time="0.323" /><testcase classname="tests.test_iter13_orders_router" name="test_patch_order_recomputes_totals" time="0.157" /><testcase classname="tests.test_iter13_orders_router" name="test_bump_fire_pay_flow" time="0.368" /></testsuite></testsuites>