<?xml version="1.0" encoding="utf-8"?><testsuites name="pytest tests"><testsuite name="pytest" errors="0" failures="0" skipped="0" tests="10" time="3.568" timestamp="2026-09-10T02:09:42.259392+00:00" hostname="agent-env-9ee53770-60c3-486f-9ab9-698f9c98fc09"><testcase classname="tests.test_iter11_split" name="test_tables_list" time="0.488" /><testcase classname="tests.test_iter11_split" name="test_tables_filter_by_area" time="0.095" /><testcase classname="tests.test_iter11_split" name="test_tables_crud_lifecycle" time="0.457" /><testcase classname="tests.test_iter11_split" name="test_keg_pours_logged_and_returned" time="0.558" /><testcase classname="tests.test_iter11_split" name="test_keg_pours_missing_days_filled_with_zero" time="0.093" /><testcase classname="tests.test_iter11_split" name="test_prep_bump_all_bumps_across_tables" time="1.041" /><testcase classname="tests.test_iter11_split" name="test_prep_bump_all_unknown_product" time="0.068" /><testcase classname="tests.test_iter11_split" name="test_reports_summary" time="0.029" /><testcase classname="tests.test_iter11_split" name="test_order_lifecycle_split_payment" time="0.162" /><testcase classname="tests.test_iter11_split" name="test_pin_login" time="0.068" /></testsuite></testsuites>