<?xml version="1.0" encoding="utf-8"?><testsuites name="pytest tests"><testsuite name="pytest" errors="0" failures="0" skipped="0" tests="4" time="2.146" timestamp="2026-09-10T01:43:31.612845+00:00" hostname="agent-env-9ee53770-60c3-486f-9ab9-698f9c98fc09"><testcase classname="tests.test_iter9_reports" name="test_reports_summary_shape" time="0.453" /><testcase classname="tests.test_iter9_reports" name="test_pay_octopus_and_fps_qr" time="0.633" /><testcase classname="tests.test_iter9_reports" name="test_reports_revenue_matches_paid_totals" time="0.648" /><testcase classname="tests.test_iter9_reports" name="test_kds_has_product_id" time="0.357" /></testsuite></testsuites>