<?xml version="1.0" encoding="utf-8"?><testsuites name="pytest tests"><testsuite name="pytest" errors="0" failures="0" skipped="0" tests="17" time="4.260" timestamp="2026-09-10T01:10:39.237260+00:00" hostname="agent-env-9ee53770-60c3-486f-9ab9-698f9c98fc09"><testcase classname="tests.test_iteration5.TestComputeTotalsDefaults" name="test_empty_lines_zero_everything" time="0.728" /><testcase classname="tests.test_iteration5.TestComputeTotalsDefaults" name="test_discount_type_none_leaves_discount_zero" time="0.243" /><testcase classname="tests.test_iteration5.TestPayOrderWalletChange" name="test_pay_wallet_returns_change_zero" time="0.331" /><testcase classname="tests.test_iteration5.TestPayOrderWalletChange" name="test_pay_card_change_zero" time="0.301" /><testcase classname="tests.test_iteration5.TestPublicMenuTInit" name="test_public_menu_bad_oid_returns_404_not_500" time="0.078" /><testcase classname="tests.test_iteration5.TestPublicMenuTInit" name="test_public_menu_missing_oid_returns_404" time="0.085" /><testcase classname="tests.test_iteration5.TestPublicMenuTInit" name="test_public_menu_valid_table_returns_200" time="0.141" /><testcase classname="tests.test_iteration4.TestPublicMenu" name="test_public_menu_no_auth" time="0.419" /><testcase classname="tests.test_iteration4.TestPublicMenu" name="test_public_menu_404" time="0.069" /><testcase classname="tests.test_iteration4.TestPublicMenu" name="test_public_menu_bad_id" time="0.079" /><testcase classname="tests.test_iteration4.TestPinVerify" name="test_wrong_pin" time="0.083" /><testcase classname="tests.test_iteration4.TestPinVerify" name="test_valid_pin_wrong_role" time="0.092" /><testcase classname="tests.test_iteration4.TestPinVerify" name="test_manager_pin_ok" time="0.064" /><testcase classname="tests.test_iteration4.TestPinVerify" name="test_admin_pin_ok" time="0.063" /><testcase classname="tests.test_iteration4.TestWaitlist" name="test_full_flow" time="0.412" /><testcase classname="tests.test_iteration4.TestWaitlist" name="test_cancel_removes" time="0.202" /><testcase classname="tests.test_iteration4.TestCombos" name="test_crud_and_engine" time="0.805" /></testsuite></testsuites>