<?xml version="1.0" encoding="utf-8"?><testsuites name="pytest tests"><testsuite name="pytest" errors="0" failures="1" skipped="0" tests="7" time="2.976" timestamp="2026-09-10T12:00:06.255964+00:00" hostname="agent-env-9ee53770-60c3-486f-9ab9-698f9c98fc09"><testcase classname="tests.test_iter27_loyalty" name="test_signup_bonus_and_voucher" time="0.558" /><testcase classname="tests.test_iter27_loyalty" name="test_referral_first_order_bonus" time="0.724" /><testcase classname="tests.test_iter27_loyalty" name="test_happy_hour_points_boost" time="0.378" /><testcase classname="tests.test_iter27_loyalty" name="test_visit_streak_bonus" time="0.575" /><testcase classname="tests.test_iter27_loyalty" name="test_feedback_voucher_and_dupe" time="0.147" /><testcase classname="tests.test_iter27_loyalty" name="test_birth_month_persists" time="0.108"><failure message="AssertionError: birth_month not persisted: {'member': {'name': 'TEST_a1d5d7_bm', 'phone': '98049005', 'email': 'test_a1d5d7_bm@test.com', 'tier': 'Regular', 'notes': '', 'birth_month': 3, 'referred_by': None, 'lifetime_spend': 0.0, 'visits': 0, 'points': 100, 'favorite_items': [], 'avg_duration_min': 0, 'created_at': '2026-09-10T12:00:08.844164+00:00', 'id': '6aa29bc883d5cd4d201fa9fa'}, 'orders': []}&#10;assert None == 3&#10; +  where None = &lt;built-in method get of dict object at 0xfe90e37724c0&gt;('birth_month')&#10; +    where &lt;built-in method get of dict object at 0xfe90e37724c0&gt; = {'member': {'name': 'TEST_a1d5d7_bm', 'phone': '98049005', 'email': 'test_a1d5d7_bm@test.com', 'tier': 'Regular', ...}, 'orders': []}.get&#10; +      where {'member': {'name': 'TEST_a1d5d7_bm', 'phone': '98049005', 'email': 'test_a1d5d7_bm@test.com', 'tier': 'Regular', ...}, 'orders': []} = json()&#10; +        where json = &lt;Response [200]&gt;.json">backend/tests/test_iter27_loyalty.py:222: in test_birth_month_persists
    assert r.json().get("birth_month") == 3, f"birth_month not persisted: {r.json()}"
E   AssertionError: birth_month not persisted: {'member': {'name': 'TEST_a1d5d7_bm', 'phone': '98049005', 'email': 'test_a1d5d7_bm@test.com', 'tier': 'Regular', 'notes': '', 'birth_month': 3, 'referred_by': None, 'lifetime_spend': 0.0, 'visits': 0, 'points': 100, 'favorite_items': [], 'avg_duration_min': 0, 'created_at': '2026-09-10T12:00:08.844164+00:00', 'id': '6aa29bc883d5cd4d201fa9fa'}, 'orders': []}
E   assert None == 3
E    +  where None = &lt;built-in method get of dict object at 0xfe90e37724c0&gt;('birth_month')
E    +    where &lt;built-in method get of dict object at 0xfe90e37724c0&gt; = {'member': {'name': 'TEST_a1d5d7_bm', 'phone': '98049005', 'email': 'test_a1d5d7_bm@test.com', 'tier': 'Regular', ...}, 'orders': []}.get
E    +      where {'member': {'name': 'TEST_a1d5d7_bm', 'phone': '98049005', 'email': 'test_a1d5d7_bm@test.com', 'tier': 'Regular', ...}, 'orders': []} = json()
E    +        where json = &lt;Response [200]&gt;.json</failure></testcase><testcase classname="tests.test_iter27_loyalty" name="test_social_share_award_and_dupe" time="0.291" /></testsuite></testsuites>