<?xml version="1.0" encoding="utf-8"?><testsuites name="pytest tests"><testsuite name="pytest" errors="0" failures="0" skipped="0" tests="7" time="2.794" timestamp="2026-09-10T10:44:44.402243+00:00" hostname="agent-env-9ee53770-60c3-486f-9ab9-698f9c98fc09"><testcase classname="tests.test_iter25_loyalty" name="test_tiers_returns_4_correct_ladder" time="0.564" /><testcase classname="tests.test_iter25_loyalty" name="test_summary_structure" time="0.152" /><testcase classname="tests.test_iter25_loyalty" name="test_spin_once_then_cooldown_400" time="0.234" /><testcase classname="tests.test_iter25_loyalty" name="test_paying_order_upgrades_tier_and_adds_stamp" time="0.338" /><testcase classname="tests.test_iter25_loyalty" name="test_stamp_card_voucher_issued_at_goal" time="0.320" /><testcase classname="tests.test_iter25_loyalty" name="test_voucher_redeem_applies_cash_discount" time="0.266" /><testcase classname="tests.test_iter25_loyalty" name="test_zzz_cleanup" time="0.003" /></testsuite></testsuites>