<?xml version="1.0" encoding="utf-8"?><testsuites name="pytest tests"><testsuite name="pytest" errors="0" failures="0" skipped="0" tests="7" time="1.736" timestamp="2026-09-10T03:21:34.881727+00:00" hostname="agent-env-9ee53770-60c3-486f-9ab9-698f9c98fc09"><testcase classname="tests.test_iter17_features.TestPreauth" name="test_preauth_basic" time="0.746" /><testcase classname="tests.test_iter17_features.TestDelivery" name="test_simulate_and_inbox" time="0.841" /><testcase classname="tests.test_iter17_features.TestPreauth" name="test_preauth_invalid_last4" time="0.070" /><testcase classname="tests.test_iter17_features.TestPreauth" name="test_preauth_with_table" time="0.209" /><testcase classname="tests.test_iter17_features.TestDelivery" name="test_ingest_manual" time="0.106" /><testcase classname="tests.test_iter17_features.TestComboHints" name="test_combo_hints_flow" time="0.261" /><testcase classname="tests.test_iter17_features.TestSubstitutes" name="test_substitutes_when_86d" time="0.207" /></testsuite></testsuites>