<?xml version="1.0" encoding="utf-8"?><testsuites name="pytest tests"><testsuite name="pytest" errors="0" failures="0" skipped="0" tests="8" time="2.688" timestamp="2026-09-09T23:49:22.240960+00:00" hostname="agent-env-9ee53770-60c3-486f-9ab9-698f9c98fc09"><testcase classname="tests.test_iteration2.TestHappyHourActive" name="test_active_returns_shape" time="0.672" /><testcase classname="tests.test_iteration2.TestHappyHourActive" name="test_only_matching_rules_returned" time="0.552" /><testcase classname="tests.test_iteration2.TestHappyHourActive" name="test_cross_midnight_rule" time="0.285" /><testcase classname="tests.test_iteration2.TestPatchEndpoints" name="test_patch_happy_hour" time="0.256" /><testcase classname="tests.test_iteration2.TestPatchEndpoints" name="test_patch_category" time="0.205" /><testcase classname="tests.test_iteration2.TestSplitPayment" name="test_split_insufficient_returns_400" time="0.230" /><testcase classname="tests.test_iteration2.TestSplitPayment" name="test_split_success" time="0.231" /><testcase classname="tests.test_iteration2.TestSplitPayment" name="test_split_overpay_change" time="0.207" /></testsuite></testsuites>