<?xml version="1.0" encoding="utf-8"?><testsuites name="pytest tests"><testsuite name="pytest" errors="0" failures="0" skipped="0" tests="11" time="4.128" timestamp="2026-09-10T01:25:39.087844+00:00" hostname="agent-env-9ee53770-60c3-486f-9ab9-698f9c98fc09"><testcase classname="tests.test_iteration6.TestEightySix" name="test_toggle_on_then_off_and_public_menu_hides" time="0.893" /><testcase classname="tests.test_iteration6.TestMultiTierHH" name="test_two_concurrent_rules_both_active_pick_max_percent" time="0.699" /><testcase classname="tests.test_iteration6.TestHKPayments" name="test_pay_method[cash]" time="0.291" /><testcase classname="tests.test_iteration6.TestHKPayments" name="test_pay_method[card]" time="0.274" /><testcase classname="tests.test_iteration6.TestHKPayments" name="test_pay_method[octopus]" time="0.264" /><testcase classname="tests.test_iteration6.TestHKPayments" name="test_pay_method[fps_qr]" time="0.273" /><testcase classname="tests.test_iteration6.TestHKPayments" name="test_pay_method[alipayhk]" time="0.295" /><testcase classname="tests.test_iteration6.TestHKPayments" name="test_pay_method[wechatpay_hk]" time="0.281" /><testcase classname="tests.test_iteration6.TestHKPayments" name="test_pay_method[payme]" time="0.286" /><testcase classname="tests.test_iteration6.TestHKPayments" name="test_pay_method[unionpay]" time="0.255" /><testcase classname="tests.test_iteration6.TestHKPayments" name="test_pay_split_with_hk_methods" time="0.263" /></testsuite></testsuites>