<?xml version="1.0" encoding="utf-8"?><testsuites name="pytest tests"><testsuite name="pytest" errors="0" failures="0" skipped="0" tests="8" time="4.618" timestamp="2026-09-10T00:03:43.986913+00:00" hostname="agent-env-9ee53770-60c3-486f-9ab9-698f9c98fc09"><testcase classname="tests.test_iteration3.TestKDS" name="test_kds_shows_fired_lines_and_station_filter" time="1.251" /><testcase classname="tests.test_iteration3.TestKDS" name="test_bump_out_of_range_returns_400" time="0.341" /><testcase classname="tests.test_iteration3.TestShifts" name="test_clock_in_idempotent" time="0.560" /><testcase classname="tests.test_iteration3.TestShifts" name="test_current_reflects_paid_order" time="0.656" /><testcase classname="tests.test_iteration3.TestShifts" name="test_shifts_list_role_scoping" time="0.521" /><testcase classname="tests.test_iteration3.TestReservations" name="test_reservation_lifecycle" time="0.482" /><testcase classname="tests.test_iteration3.TestReservations" name="test_cancel_reservation" time="0.322" /><testcase classname="tests.test_iteration3.TestReservations" name="test_reserve_occupied_returns_400" time="0.407" /></testsuite></testsuites>