<?xml version="1.0" encoding="utf-8"?><testsuites name="pytest tests"><testsuite name="pytest" errors="0" failures="0" skipped="0" tests="10" time="2.856" timestamp="2026-09-10T00:28:56.910705+00:00" hostname="agent-env-9ee53770-60c3-486f-9ab9-698f9c98fc09"><testcase classname="tests.test_iteration4.TestPublicMenu" name="test_public_menu_no_auth" time="0.731" /><testcase classname="tests.test_iteration4.TestPublicMenu" name="test_public_menu_404" time="0.146" /><testcase classname="tests.test_iteration4.TestPublicMenu" name="test_public_menu_bad_id" time="0.092" /><testcase classname="tests.test_iteration4.TestPinVerify" name="test_wrong_pin" time="0.076" /><testcase classname="tests.test_iteration4.TestPinVerify" name="test_valid_pin_wrong_role" time="0.083" /><testcase classname="tests.test_iteration4.TestPinVerify" name="test_manager_pin_ok" time="0.065" /><testcase classname="tests.test_iteration4.TestPinVerify" name="test_admin_pin_ok" time="0.093" /><testcase classname="tests.test_iteration4.TestWaitlist" name="test_full_flow" time="0.438" /><testcase classname="tests.test_iteration4.TestWaitlist" name="test_cancel_removes" time="0.204" /><testcase classname="tests.test_iteration4.TestCombos" name="test_crud_and_engine" time="0.856" /></testsuite></testsuites>