<?xml version="1.0" encoding="utf-8"?><testsuites name="pytest tests"><testsuite name="pytest" errors="0" failures="0" skipped="0" tests="8" time="3.278" timestamp="2026-09-10T01:56:16.427119+00:00" hostname="agent-env-9ee53770-60c3-486f-9ab9-698f9c98fc09"><testcase classname="tests.test_iter10_kegs" name="test_kegs_list_seeded" time="0.367" /><testcase classname="tests.test_iter10_kegs" name="test_keg_create_new_blown_delete" time="0.313" /><testcase classname="tests.test_iter10_kegs" name="test_keg_auto_decrement_on_pay" time="0.206" /><testcase classname="tests.test_iter10_kegs" name="test_keg_blown_when_hits_zero" time="0.333" /><testcase classname="tests.test_iter10_kegs" name="test_prep_view_aggregates_across_tables" time="1.107" /><testcase classname="tests.test_iter10_kegs" name="test_reports_summary_shape" time="0.072" /><testcase classname="tests.test_iter10_kegs" name="test_full_order_lifecycle" time="0.224" /><testcase classname="tests.test_iter10_kegs" name="test_split_payment" time="0.185" /></testsuite></testsuites>