<?xml version="1.0" encoding="utf-8"?><testsuites name="pytest tests"><testsuite name="pytest" errors="0" failures="2" skipped="0" tests="6" time="2.415" timestamp="2026-09-10T11:01:05.037513+00:00" hostname="agent-env-9ee53770-60c3-486f-9ab9-698f9c98fc09"><testcase classname="tests.test_iter27_loyalty" name="test_signup_bonus_and_voucher" time="0.750" /><testcase classname="tests.test_iter27_loyalty" name="test_referral_first_order_bonus" time="0.100"><failure message="Failed: referred_by not persisted on member — MemberIn missing field">tests/test_iter27_loyalty.py:103: in test_referral_first_order_bonus
    pytest.fail("referred_by not persisted on member — MemberIn missing field")
E   Failed: referred_by not persisted on member — MemberIn missing field</failure></testcase><testcase classname="tests.test_iter27_loyalty" name="test_happy_hour_points_boost" time="0.421" /><testcase classname="tests.test_iter27_loyalty" name="test_visit_streak_bonus" time="0.533" /><testcase classname="tests.test_iter27_loyalty" name="test_feedback_voucher_and_dupe" time="0.149"><failure message="AssertionError: expected 400 dupe, got 200&#10;assert 200 == 400&#10; +  where 200 = &lt;Response [200]&gt;.status_code">tests/test_iter27_loyalty.py:211: in test_feedback_voucher_and_dupe
    assert r2.status_code == 400, f"expected 400 dupe, got {r2.status_code}"
E   AssertionError: expected 400 dupe, got 200
E   assert 200 == 400
E    +  where 200 = &lt;Response [200]&gt;.status_code</failure></testcase><testcase classname="tests.test_iter27_loyalty" name="test_social_share_award_and_dupe" time="0.308" /></testsuite></testsuites>